<?xml version="1.0" encoding="UTF-8"?>
<testsuite name="jchess.gamelogic.clock.ClockTest" tests="1" skipped="0" failures="0" errors="0" timestamp="2016-11-21T11:47:30" hostname="DESKTOP-GCG1IHL" time="0.003">
  <properties/>
  <testcase name="testDecrement" classname="jchess.gamelogic.clock.ClockTest" time="0.003"/>
  <system-out><![CDATA[]]></system-out>
  <system-err><![CDATA[]]></system-err>
</testsuite>
