<?xml version="1.0" encoding="UTF-8"?>
<testsuite name="jchess.gamelogic.pieces.KingTest" tests="1" skipped="0" failures="0" errors="0" timestamp="2016-11-21T13:32:17" hostname="DESKTOP-GCG1IHL" time="0.259">
  <properties/>
  <testcase name="testPossibleMovesRegular" classname="jchess.gamelogic.pieces.KingTest" time="0.259"/>
  <system-out><![CDATA[]]></system-out>
  <system-err><![CDATA[Nov 21, 2016 2:32:17 PM jchess.gui.GUI getConfigFile
INFO: Configuration file: C:\Users\fbeth\git\jochess\build\classes\main\config.txt
Nov 21, 2016 2:32:17 PM jchess.gui.GUI loadConfiguration
INFO: Active theme: default
]]></system-err>
</testsuite>
